0 info it worked if it ends with ok
1 verbose cli [ 'C:\\Program Files\\nodejs\\node.exe',
1 verbose cli   'C:\\Program Files\\nodejs\\node_modules\\npm\\bin\\npm-cli.js',
1 verbose cli   'run',
1 verbose cli   'watch' ]
2 info using npm@3.10.10
3 info using node@v6.11.2
4 verbose run-script [ 'prewatch', 'watch', 'postwatch' ]
5 info lifecycle happytime@1.0.0~prewatch: happytime@1.0.0
6 silly lifecycle happytime@1.0.0~prewatch: no script for prewatch, continuing
7 info lifecycle happytime@1.0.0~watch: happytime@1.0.0
8 verbose lifecycle happytime@1.0.0~watch: unsafe-perm in lifecycle true
9 verbose lifecycle happytime@1.0.0~watch: PATH: C:\Program Files\nodejs\node_modules\npm\bin\node-gyp-bin;E:\wxmProject\document\quikApp\happyTime\node_modules\.bin;C:\Users\DELL\bin;C:\Program Files\Git\mingw64\bin;C:\Program Files\Git\usr\local\bin;C:\Program Files\Git\usr\bin;C:\Program Files\Git\usr\bin;C:\Program Files\Git\mingw64\bin;C:\Program Files\Git\usr\bin;C:\Users\DELL\bin;C:\Windows\system32;C:\Windows;C:\Windows\System32\Wbem;C:\Windows\System32\WindowsPowerShell\v1.0;C:\Program Files\Git\cmd;C:\Program Files\nodejs;C:\Users\DELL\AppData\Roaming\npm;C:\Program Files\Git\usr\bin\vendor_perl;C:\Program Files\Git\usr\bin\core_perl
10 verbose lifecycle happytime@1.0.0~watch: CWD: E:\wxmProject\document\quikApp\happyTime
11 silly lifecycle happytime@1.0.0~watch: Args: [ '/d /s /c', 'npm run na:dv -- --watch' ]
12 silly lifecycle happytime@1.0.0~watch: Returned: code: 1  signal: null
13 info lifecycle happytime@1.0.0~watch: Failed to exec watch script
14 verbose stack Error: happytime@1.0.0 watch: `npm run na:dv -- --watch`
14 verbose stack Exit status 1
14 verbose stack     at EventEmitter.<anonymous> (C:\Program Files\nodejs\node_modules\npm\lib\utils\lifecycle.js:255:16)
14 verbose stack     at emitTwo (events.js:106:13)
14 verbose stack     at EventEmitter.emit (events.js:191:7)
14 verbose stack     at ChildProcess.<anonymous> (C:\Program Files\nodejs\node_modules\npm\lib\utils\spawn.js:40:14)
14 verbose stack     at emitTwo (events.js:106:13)
14 verbose stack     at ChildProcess.emit (events.js:191:7)
14 verbose stack     at maybeClose (internal/child_process.js:891:16)
14 verbose stack     at Process.ChildProcess._handle.onexit (internal/child_process.js:226:5)
15 verbose pkgid happytime@1.0.0
16 verbose cwd E:\wxmProject\document\quikApp\happyTime
17 error Windows_NT 6.1.7601
18 error argv "C:\\Program Files\\nodejs\\node.exe" "C:\\Program Files\\nodejs\\node_modules\\npm\\bin\\npm-cli.js" "run" "watch"
19 error node v6.11.2
20 error npm  v3.10.10
21 error code ELIFECYCLE
22 error happytime@1.0.0 watch: `npm run na:dv -- --watch`
22 error Exit status 1
23 error Failed at the happytime@1.0.0 watch script 'npm run na:dv -- --watch'.
23 error Make sure you have the latest version of node.js and npm installed.
23 error If you do, this is most likely a problem with the happytime package,
23 error not with npm itself.
23 error Tell the author that this fails on your system:
23 error     npm run na:dv -- --watch
23 error You can get information on how to open an issue for this project with:
23 error     npm bugs happytime
23 error Or if that isn't available, you can get their info via:
23 error     npm owner ls happytime
23 error There is likely additional logging output above.
24 verbose exit [ 1, true ]
